app/build/intermediates/manifest_merge_blame_file/debug/manifest-merger-blame-debug-report.txt
1<?xml version="1.0" encoding="utf-8"?>
2<manifest xmlns:android="http://schemas.android.com/apk/res/android"
3    package="com.example.nasapod"
4    android:versionCode="1"
5    android:versionName="1.0" >
6
7    <uses-sdk
8        android:minSdkVersion="16"
8-->src/main/AndroidManifest.xml
9        android:targetSdkVersion="29" />
9-->src/main/AndroidManifest.xml
10
11    <uses-permission android:name="android.permission.INTERNET" />
11-->src/main/AndroidManifest.xml:5:5-67
11-->src/main/AndroidManifest.xml:5:22-64
12    <uses-permission android:name="android.permission.ACCESS_NETWORK_STATE" />
12-->src/main/AndroidManifest.xml:6:5-79
12-->src/main/AndroidManifest.xml:6:22-76
13    <uses-permission android:name="android.permission.ACCESS_WIFI_STATE" />
13-->src/main/AndroidManifest.xml:7:5-76
13-->src/main/AndroidManifest.xml:7:22-73
14    <uses-permission android:name="android.permission.READ_EXTERNAL_STORAGE" />
14-->src/main/AndroidManifest.xml:8:5-80
14-->src/main/AndroidManifest.xml:8:22-77
15    <uses-permission android:name="android.permission.WRITE_EXTERNAL_STORAGE" />
15-->src/main/AndroidManifest.xml:9:5-81
15-->src/main/AndroidManifest.xml:9:22-78
16
17    <application
17-->src/main/AndroidManifest.xml:11:5-26:19
18        android:name="com.example.nasapod.Appcontroller"
18-->src/main/AndroidManifest.xml:12:9-38
19        android:allowBackup="true"
19-->src/main/AndroidManifest.xml:13:9-35
20        android:appComponentFactory="androidx.core.app.CoreComponentFactory"
20-->[androidx.core:core:1.1.0] AndroidManifest.xml:24:18-86
21        android:debuggable="true"
22        android:icon="@mipmap/ic_launcher"
22-->src/main/AndroidManifest.xml:14:9-43
23        android:label="@string/app_name"
23-->src/main/AndroidManifest.xml:15:9-41
24        android:roundIcon="@mipmap/ic_launcher_round"
24-->src/main/AndroidManifest.xml:16:9-54
25        android:supportsRtl="true"
25-->src/main/AndroidManifest.xml:17:9-35
26        android:testOnly="true"
27        android:theme="@style/AppTheme" >
27-->src/main/AndroidManifest.xml:18:9-40
28        <activity android:name="com.example.nasapod.MainActivity" >
28-->src/main/AndroidManifest.xml:19:9-25:20
28-->src/main/AndroidManifest.xml:19:19-47
29            <intent-filter>
29-->src/main/AndroidManifest.xml:20:13-24:29
30                <action android:name="android.intent.action.MAIN" />
30-->src/main/AndroidManifest.xml:21:17-69
30-->src/main/AndroidManifest.xml:21:25-66
31
32                <category android:name="android.intent.category.LAUNCHER" />
32-->src/main/AndroidManifest.xml:23:17-77
32-->src/main/AndroidManifest.xml:23:27-74
33            </intent-filter>
34        </activity>
35
36        <service
36-->[androidx.room:room-runtime:2.1.0] AndroidManifest.xml:25:9-27:40
37            android:name="androidx.room.MultiInstanceInvalidationService"
37-->[androidx.room:room-runtime:2.1.0] AndroidManifest.xml:26:13-74
38            android:exported="false" />
38-->[androidx.room:room-runtime:2.1.0] AndroidManifest.xml:27:13-37
39
40        <provider
40-->[com.squareup.picasso:picasso:2.71828] AndroidManifest.xml:8:9-11:40
41            android:name="com.squareup.picasso.PicassoProvider"
41-->[com.squareup.picasso:picasso:2.71828] AndroidManifest.xml:9:13-64
42            android:authorities="com.example.nasapod.com.squareup.picasso"
42-->[com.squareup.picasso:picasso:2.71828] AndroidManifest.xml:10:13-72
43            android:exported="false" />
43-->[com.squareup.picasso:picasso:2.71828] AndroidManifest.xml:11:13-37
44        <provider
44-->[androidx.lifecycle:lifecycle-process:2.1.0] AndroidManifest.xml:23:9-27:43
45            android:name="androidx.lifecycle.ProcessLifecycleOwnerInitializer"
45-->[androidx.lifecycle:lifecycle-process:2.1.0] AndroidManifest.xml:24:13-79
46            android:authorities="com.example.nasapod.lifecycle-process"
46-->[androidx.lifecycle:lifecycle-process:2.1.0] AndroidManifest.xml:25:13-69
47            android:exported="false"
47-->[androidx.lifecycle:lifecycle-process:2.1.0] AndroidManifest.xml:26:13-37
48            android:multiprocess="true" />
48-->[androidx.lifecycle:lifecycle-process:2.1.0] AndroidManifest.xml:27:13-40
49    </application>
50
51</manifest>